
clean.external:

get.all:
     [exec] Initialized empty Git repository in /cygdrive/e/mediacoder_repo/antipasto_arduino/external/AntRunner/.git/
     [exec] remote: Counting objects: 1   [K
     [exec] remote: Counting objects: 8   [Kremote: Counting objects: 80, done.[Kremote: Compressing objects:   1% (1/60)   [K
     [exec] remote: Compressing objects:   3% (2/60)   [Kremote: Compressing objects:   5% (3/60)   [Kremote: Compressing objects:   6% (4/60)   [Kremote: Compressing objects:   8% (5/60)   [Kremote: Compressing objects:  10% (6/60)   [Kremote: Compressing objects:  11% (7/60)   [Kremote: Compressing objects:  13% (8/60)   [Kremote: Compressing objects:  15% (9/60)   [Kremote: Compressing objects:  16% (10/60)   [Kremote: Compressing objects:  18% (11/60)   [Kremote: Compressing objects:  20% (12/60)   [Kremote: Compressing objects:  21% (13/60)   [Kremote: Compressing objects:  23% (14/60)   [Kremote: Compressing objects:  25% (15/60)   [Kremote: Compressing objects:  26% (16/60)   [Kremote: Compressing objects:  28% (17/60)   [Kremote: Compressing objects:  30% (18/60)   [Kremote: Compressing objects:  31% (19/60)   [Kremote: Compressing objects:  33% (20/60)   [Kremote: Compressing objects:  35% (21/60)   [Kremote: Compressing objects:  36% (22/60)   [Kremote: Compressing objects:  38% (23/60)   [Kremote: Compressing objects:  40% (24/60)   [Kremote: Compressing objects:  41% (25/60)   [Kremote: Compressing objects:  43% (26/60)   [Kremote: Compressing objects:  45% (27/60)   [Kremote: Compressing objects:  46% (28/60)   [Kremote: Compressing objects:  48% (29/60)   [Kremote: Compressing objects:  50% (30/60)   [Kremote: Compressing objects:  51% (31/60)   [Kremote: Compressing objects:  53% (32/60)   [Kremote: Compressing objects:  55% (33/60)   [Kremote: Compressing objects:  56% (34/60)   [Kremote: Compressing objects:  58% (35/60)   [Kremote: Compressing objects:  60% (36/60)   [Kremote: Compressing objects:  61% (37/60)   [Kremote: Compressing objects:  63% (38/60)   [Kremote: Compressing objects:  65% (39/60)   [Kremote: Compressing objects:  66% (40/60)   [Kremote: Compressing objects:  68% (41/60)   [Kremote: Compressing objects:  70% (42/60)   [Kremote: Compressing objects:  71% (43/60)   [Kremote: Compressing objects:  73% (44/60)   [Kremote: Compressing objects:  75% (45/60)   [Kremote: Compressing objects:  76% (46/60)   [Kremote: Compressing objects:  78% (47/60)   [Kremote: Compressing objects:  80% (48/60)   [Kremote: Compressing objects:  81% (49/60)   [Kremote: Compressing objects:  83% (50/60)   [Kremote: Compressing objects:  85% (51/60)   [Kremote: Compressing objects:  86% (52/60)   [Kremote: Compressing objects:  88% (53/60)   [Kremote: Compressing objects:  90% (54/60)   [Kremote: Compressing objects:  91% (55/60)   [Kremote: Compressing objects:  93% (56/60)   [Kremote: Compressing objects:  95% (57/60)   [Kremote: Compressing objects:  96% (58/60)   [Kremote: Compressing objects:  98% (59/60)   [Kremote: Compressing objects: 100% (60/60)   [Kremote: Compressing objects: 100% (60/60), done.[KReceiving objects:   1% (1/80)   
     [exec] Receiving objects:   2% (2/80)   Receiving objects:   3% (3/80)   Receiving objects:   5% (4/80)   Receiving objects:   6% (5/80)   Receiving objects:   7% (6/80)   Receiving objects:   8% (7/80)   Receiving objects:  10% (8/80)   Receiving objects:  11% (9/80)   Receiving objects:  12% (10/80)   Receiving objects:  13% (11/80)   Receiving objects:  15% (12/80)   Receiving objects:  16% (13/80)   Receiving objects:  17% (14/80)   Receiving objects:  18% (15/80)   Receiving objects:  20% (16/80)   Receiving objects:  21% (17/80)   Receiving objects:  22% (18/80)   Receiving objects:  23% (19/80)   Receiving objects:  23% (19/80), 19.99 KiB | 11 KiB/s   Receiving objects:  25% (20/80), 19.99 KiB | 11 KiB/s   Receiving objects:  26% (21/80), 19.99 KiB | 11 KiB/s   Receiving objects:  27% (22/80), 19.99 KiB | 11 KiB/s   Receiving objects:  27% (22/80), 51.99 KiB | 14 KiB/s   Receiving objects:  28% (23/80), 51.99 KiB | 14 KiB/s   Receiving objects:  28% (23/80), 59.99 KiB | 14 KiB/s   Receiving objects:  30% (24/80), 59.99 KiB | 14 KiB/s   Receiving objects:  31% (25/80), 59.99 KiB | 14 KiB/s   Receiving objects:  32% (26/80), 59.99 KiB | 14 KiB/s   Receiving objects:  32% (26/80), 75.99 KiB | 16 KiB/s   Receiving objects:  32% (26/80), 107.99 KiB | 18 KiB/s   Receiving objects:  33% (27/80), 107.99 KiB | 18 KiB/s   Receiving objects:  35% (28/80), 107.99 KiB | 18 KiB/s   Receiving objects:  35% (28/80), 131.99 KiB | 20 KiB/s   Receiving objects:  36% (29/80), 131.99 KiB | 20 KiB/s   Receiving objects:  37% (30/80), 131.99 KiB | 20 KiB/s   Receiving objects:  38% (31/80), 131.99 KiB | 20 KiB/s   Receiving objects:  38% (31/80), 171.99 KiB | 24 KiB/s   Receiving objects:  40% (32/80), 171.99 KiB | 24 KiB/s   Receiving objects:  40% (32/80), 227.99 KiB | 33 KiB/s   Receiving objects:  41% (33/80), 227.99 KiB | 33 KiB/s   Receiving objects:  42% (34/80), 255.99 KiB | 37 KiB/s   Receiving objects:  43% (35/80), 255.99 KiB | 37 KiB/s   Receiving objects:  43% (35/80), 347.99 KiB | 47 KiB/s   Receiving objects:  43% (35/80), 427.99 KiB | 57 KiB/s   Receiving objects:  43% (35/80), 451.99 KiB | 53 KiB/s   Receiving objects:  43% (35/80), 595.99 KiB | 70 KiB/s   Receiving objects:  43% (35/80), 643.99 KiB | 73 KiB/s   Receiving objects:  45% (36/80), 643.99 KiB | 73 KiB/s   Receiving objects:  46% (37/80), 643.99 KiB | 73 KiB/s   Receiving objects:  47% (38/80), 643.99 KiB | 73 KiB/s   Receiving objects:  48% (39/80), 691.99 KiB | 77 KiB/s   Receiving objects:  50% (40/80), 691.99 KiB | 77 KiB/s   Receiving objects:  51% (41/80), 691.99 KiB | 77 KiB/s   Receiving objects:  52% (42/80), 691.99 KiB | 77 KiB/s   Receiving objects:  52% (42/80), 739.99 KiB | 82 KiB/s   Receiving objects:  52% (42/80), 843.99 KiB | 88 KiB/s   Receiving objects:  52% (42/80), 955.99 KiB | 100 KiB/s   Receiving objects:  52% (42/80), 1.04 MiB | 94 KiB/s   Receiving objects:  52% (42/80), 1.09 MiB | 95 KiB/s   Receiving objects:  52% (42/80), 1.19 MiB | 96 KiB/s   Receiving objects:  52% (42/80), 1.30 MiB | 98 KiB/s   Receiving objects:  52% (42/80), 1.37 MiB | 84 KiB/s   Receiving objects:  52% (42/80), 1.45 MiB | 89 KiB/s   Receiving objects:  52% (42/80), 1.55 MiB | 88 KiB/s   Receiving objects:  52% (42/80), 1.61 MiB | 88 KiB/s   Receiving objects:  52% (42/80), 1.71 MiB | 87 KiB/s   Receiving objects:  52% (42/80), 1.80 MiB | 85 KiB/s   Receiving objects:  53% (43/80), 1.86 MiB | 98 KiB/s   Receiving objects:  53% (43/80), 1.91 MiB | 93 KiB/s   Receiving objects:  53% (43/80), 2.01 MiB | 94 KiB/s   Receiving objects:  53% (43/80), 2.12 MiB | 96 KiB/s   Receiving objects:  53% (43/80), 2.18 MiB | 97 KiB/s   Receiving objects:  53% (43/80), 2.29 MiB | 100 KiB/s   Receiving objects:  53% (43/80), 2.39 MiB | 100 KiB/s   Receiving objects:  53% (43/80), 2.50 MiB | 102 KiB/s   Receiving objects:  53% (43/80), 2.61 MiB | 104 KiB/s   Receiving objects:  53% (43/80), 2.73 MiB | 106 KiB/s   Receiving objects:  53% (43/80), 2.83 MiB | 109 KiB/s   Receiving objects:  55% (44/80), 2.89 MiB | 109 KiB/s   Receiving objects:  55% (44/80), 3.05 MiB | 109 KiB/s   Receiving objects:  56% (45/80), 3.05 MiB | 109 KiB/s   Receiving objects:  57% (46/80), 3.05 MiB | 109 KiB/s   Receiving objects:  57% (46/80), 3.16 MiB | 108 KiB/s   Receiving objects:  58% (47/80), 3.22 MiB | 107 KiB/s   Receiving objects:  60% (48/80), 3.22 MiB | 107 KiB/s   Receiving objects:  60% (48/80), 3.33 MiB | 107 KiB/s   Receiving objects:  60% (48/80), 3.44 MiB | 107 KiB/s   Receiving objects:  60% (48/80), 3.56 MiB | 110 KiB/s   Receiving objects:  60% (48/80), 3.69 MiB | 113 KiB/s   Receiving objects:  61% (49/80), 3.69 MiB | 113 KiB/s   Receiving objects:  61% (49/80), 3.71 MiB | 79 KiB/s   Receiving objects:  61% (49/80), 3.77 MiB | 70 KiB/s   Receiving objects:  61% (49/80), 3.89 MiB | 71 KiB/s   Receiving objects:  62% (50/80), 3.89 MiB | 71 KiB/s   Receiving objects:  63% (51/80), 3.95 MiB | 71 KiB/s   Receiving objects:  63% (51/80), 4.08 MiB | 71 KiB/s   Receiving objects:  63% (51/80), 4.20 MiB | 102 KiB/s   remote: Total 80 (delta 13), reused 0 (delta 0)[KReceiving objects:  63% (51/80), 4.30 MiB | 109 KiB/s   
     [exec] Receiving objects:  65% (52/80), 4.30 MiB | 109 KiB/s   Receiving objects:  66% (53/80), 4.30 MiB | 109 KiB/s   Receiving objects:  67% (54/80), 4.30 MiB | 109 KiB/s   Receiving objects:  68% (55/80), 4.30 MiB | 109 KiB/s   Receiving objects:  70% (56/80), 4.30 MiB | 109 KiB/s   Receiving objects:  71% (57/80), 4.30 MiB | 109 KiB/s   Receiving objects:  72% (58/80), 4.30 MiB | 109 KiB/s   Receiving objects:  73% (59/80), 4.30 MiB | 109 KiB/s   Receiving objects:  75% (60/80), 4.30 MiB | 109 KiB/s   Receiving objects:  76% (61/80), 4.30 MiB | 109 KiB/s   Receiving objects:  77% (62/80), 4.30 MiB | 109 KiB/s   Receiving objects:  78% (63/80), 4.30 MiB | 109 KiB/s   Receiving objects:  80% (64/80), 4.30 MiB | 109 KiB/s   Receiving objects:  81% (65/80), 4.30 MiB | 109 KiB/s   Receiving objects:  82% (66/80), 4.30 MiB | 109 KiB/s   Receiving objects:  83% (67/80), 4.30 MiB | 109 KiB/s   Receiving objects:  85% (68/80), 4.30 MiB | 109 KiB/s   Receiving objects:  86% (69/80), 4.30 MiB | 109 KiB/s   Receiving objects:  87% (70/80), 4.30 MiB | 109 KiB/s   Receiving objects:  88% (71/80), 4.30 MiB | 109 KiB/s   Receiving objects:  90% (72/80), 4.30 MiB | 109 KiB/s   Receiving objects:  91% (73/80), 4.30 MiB | 109 KiB/s   Receiving objects:  92% (74/80), 4.30 MiB | 109 KiB/s   Receiving objects:  93% (75/80), 4.30 MiB | 109 KiB/s   Receiving objects:  95% (76/80), 4.30 MiB | 109 KiB/s   Receiving objects:  96% (77/80), 4.30 MiB | 109 KiB/s   Receiving objects:  97% (78/80), 4.30 MiB | 109 KiB/s   Receiving objects:  98% (79/80), 4.30 MiB | 109 KiB/s   Receiving objects: 100% (80/80), 4.30 MiB | 109 KiB/s   Receiving objects: 100% (80/80), 4.30 MiB | 110 KiB/s, done.Resolving deltas:   0% (0/13)   
     [exec] Resolving deltas:   7% (1/13)   Resolving deltas:  53% (7/13)   Resolving deltas:  61% (8/13)   Resolving deltas:  69% (9/13)   Resolving deltas:  76% (10/13)   Resolving deltas: 100% (13/13)   Resolving deltas: 100% (13/13), done.

build.jar:

clean:
[echoproperties] #Ant properties
#Mon Aug 03 18:36:38 CEST 2009
ant.core.lib=e\:\\ant\\lib\\ant.jar
ant.file=e\:\\mediacoder_repo\\antipasto_arduino\\external\\AntRunner\\build.xml
ant.file.AntRunner=e\:\\mediacoder_repo\\antipasto_arduino\\external\\AntRunner\\build.xml
ant.file.Antipasto_Arduino=e\:\\mediacoder_repo\\antipasto_arduino\\build.xml
ant.file.build.properties=e\:\\mediacoder_repo\\antipasto_arduino\\external\\AntRunner\\build.properties.xml
ant.file.external=e\:\\mediacoder_repo\\antipasto_arduino\\external\\build.xml
ant.home=e\:/ant
ant.java.version=1.6
ant.library.dir=e\:/ant/lib
ant.project.name=AntRunner
ant.version=Apache Ant version 1.7.1 compiled on June 27 2008
awt.toolkit=sun.awt.windows.WToolkit
basedir=e\:\\mediacoder_repo\\antipasto_arduino\\external\\AntRunner
build.dir=build
build.version=0
classes.dir=build/classes
cygwin.user.home=C\:/cygwin/home/Administrator
file.encoding=Cp1252
file.encoding.pkg=sun.io
file.separator=\\
java.awt.graphicsenv=sun.awt.Win32GraphicsEnvironment
java.awt.printerjob=sun.awt.windows.WPrinterJob
java.class.path=e\:/ant/lib/ant-launcher.jar;e\:\\mediacoder_repo\\antipasto_arduino\\.\\;e\:\\WIIMOTE\\XVR\\AAA\\FLOSC;e\:\\r5\\dist\\lib\\;c\:\\Programme\\Java\\jre6\\lib\\ext\\QTJava.zip;e\:\\ant\\lib\\ant-antlr.jar;e\:\\ant\\lib\\ant-apache-bcel.jar;e\:\\ant\\lib\\ant-apache-bsf.jar;e\:\\ant\\lib\\ant-apache-log4j.jar;e\:\\ant\\lib\\ant-apache-oro.jar;e\:\\ant\\lib\\ant-apache-regexp.jar;e\:\\ant\\lib\\ant-apache-resolver.jar;e\:\\ant\\lib\\ant-commons-logging.jar;e\:\\ant\\lib\\ant-commons-net.jar;e\:\\ant\\lib\\ant-jai.jar;e\:\\ant\\lib\\ant-javamail.jar;e\:\\ant\\lib\\ant-jdepend.jar;e\:\\ant\\lib\\ant-jmf.jar;e\:\\ant\\lib\\ant-jsch.jar;e\:\\ant\\lib\\ant-junit.jar;e\:\\ant\\lib\\ant-launcher.jar;e\:\\ant\\lib\\ant-netrexx.jar;e\:\\ant\\lib\\ant-nodeps.jar;e\:\\ant\\lib\\ant-starteam.jar;e\:\\ant\\lib\\ant-stylebook.jar;e\:\\ant\\lib\\ant-swing.jar;e\:\\ant\\lib\\ant-testutil.jar;e\:\\ant\\lib\\ant-trax.jar;e\:\\ant\\lib\\ant-weblogic.jar;e\:\\ant\\lib\\ant.jar;e\:\\ant\\lib\\xercesImpl.jar;e\:\\ant\\lib\\xml-apis.jar;c\:\\Programme\\Java\\jdk1.6.0_06\\lib\\tools.jar
java.class.version=50.0
java.endorsed.dirs=c\:\\Programme\\Java\\jdk1.6.0_06\\jre\\lib\\endorsed
java.ext.dirs=c\:\\Programme\\Java\\jdk1.6.0_06\\jre\\lib\\ext;C\:\\WINDOWS\\Sun\\Java\\lib\\ext
java.home=c\:\\Programme\\Java\\jdk1.6.0_06\\jre
java.io.tmpdir=c\:\\DOKUME~1\\ADMINI~1\\LOKALE~1\\Temp\\
java.library.path=c\:\\Programme\\Java\\jdk1.6.0_06\\jre\\bin;.;C\:\\WINDOWS\\Sun\\Java\\bin;C\:\\WINDOWS\\system32;C\:\\WINDOWS;C\:\\cygwin\\usr\\local\\bin;C\:\\cygwin\\bin;C\:\\cygwin\\bin;C\:\\cygwin\\usr\\X11R6\\bin;e\:\\Xuggle\\bin;c\:\\WINDOWS\\system32;c\:\\WINDOWS;c\:\\WINDOWS\\System32\\Wbem;d\:\\ADOBEAIR\\bin\\;c\:\\Programme\\Java\\jdk1.6.0_06\\bin;c\:\\Programme\\Microsoft SQL Server\\90\\Tools\\binn\\;e\:\\EMBEDDED\\QT\\bin;c\:\\Programme\\QuickTime\\QTSystem\\;e\:\\Xuggle\\bin
java.runtime.name=Java(TM) SE Runtime Environment
java.runtime.version=1.6.0_06-b02
java.specification.name=Java Platform API Specification
java.specification.vendor=Sun Microsystems Inc.
java.specification.version=1.6
java.vendor=Sun Microsystems Inc.
java.vendor.url=http\://java.sun.com/
java.vendor.url.bug=http\://java.sun.com/cgi-bin/bugreport.cgi
java.version=1.6.0_06
java.vm.info=mixed mode, sharing
java.vm.name=Java HotSpot(TM) Client VM
java.vm.specification.name=Java Virtual Machine Specification
java.vm.specification.vendor=Sun Microsystems Inc.
java.vm.specification.version=1.0
java.vm.vendor=Sun Microsystems Inc.
java.vm.version=10.0-b22
lib.dir=lib
line.separator=\r\n
main-class=arduino.tools.AntRunner
os.arch=x86
os.name=Windows XP
os.version=5.1
path.separator=;
repository.url.pub=git\://github.com/liquidware/AntRunner.git
src.java.arduino=src/org/arduino
sun.arch.data.model=32
sun.boot.class.path=c\:\\Programme\\Java\\jdk1.6.0_06\\jre\\lib\\resources.jar;c\:\\Programme\\Java\\jdk1.6.0_06\\jre\\lib\\rt.jar;c\:\\Programme\\Java\\jdk1.6.0_06\\jre\\lib\\sunrsasign.jar;c\:\\Programme\\Java\\jdk1.6.0_06\\jre\\lib\\jsse.jar;c\:\\Programme\\Java\\jdk1.6.0_06\\jre\\lib\\jce.jar;c\:\\Programme\\Java\\jdk1.6.0_06\\jre\\lib\\charsets.jar;c\:\\Programme\\Java\\jdk1.6.0_06\\jre\\classes
sun.boot.library.path=c\:\\Programme\\Java\\jdk1.6.0_06\\jre\\bin
sun.cpu.endian=little
sun.cpu.isalist=
sun.desktop=windows
sun.io.unicode.encoding=UnicodeLittle
sun.java.launcher=SUN_STANDARD
sun.jnu.encoding=Cp1252
sun.management.compiler=HotSpot Client Compiler
sun.os.patch.level=Service Pack 2
user.country=DE
user.dir=e\:\\mediacoder_repo\\antipasto_arduino
user.home=C\:\\Dokumente und Einstellungen\\Administrator
user.language=de
user.name=Administrator
user.timezone=
user.variant=

compile:
    [mkdir] Created dir: e:\mediacoder_repo\antipasto_arduino\external\AntRunner\build\classes
    [javac] Compiling 1 source file to e:\mediacoder_repo\antipasto_arduino\external\AntRunner\build\classes

compile.all:

jar-lib:
    [mkdir] Created dir: e:\mediacoder_repo\antipasto_arduino\external\AntRunner\build\jar
      [jar] Building jar: e:\mediacoder_repo\antipasto_arduino\external\AntRunner\build\jar\AntRunner.jar

jar.all:

build.all:

build.all:
     [copy] Copying 33 files to e:\mediacoder_repo\antipasto_arduino\build\windows\work\lib

clean.plugins:

get.all:

build.jar:

build.all:
    [mkdir] Created dir: e:\mediacoder_repo\antipasto_arduino\build\windows\work\plugins
     [copy] Copying 36 files to e:\mediacoder_repo\antipasto_arduino\build\windows\work\lib
     [copy] Copying 333 files to e:\mediacoder_repo\antipasto_arduino\build\windows\work\hardware
     [copy] Copying 19 files to e:\mediacoder_repo\antipasto_arduino\build\windows\work
    [unzip] Expanding: e:\mediacoder_repo\antipasto_arduino\build\shared\reference.zip into e:\mediacoder_repo\antipasto_arduino\build\windows\work
    [unzip] Expanding: e:\mediacoder_repo\antipasto_arduino\build\shared\jruby.zip into e:\mediacoder_repo\antipasto_arduino\build\windows\work\hardware\tools
     [copy] Copying 5 files to e:\mediacoder_repo\antipasto_arduino\build\windows\work\lib
     [copy] Copying 17 files to e:\mediacoder_repo\antipasto_arduino\build\windows\work\drivers
    [unzip] Expanding: e:\mediacoder_repo\antipasto_arduino\build\windows\dist\avr_tools.zip into e:\mediacoder_repo\antipasto_arduino\build\windows\work\hardware
    [unzip] Expanding: e:\mediacoder_repo\antipasto_arduino\build\windows\dist\arm_tools.zip into e:\mediacoder_repo\antipasto_arduino\build\windows\work\hardware\tools
    [unzip] Expanding: e:\mediacoder_repo\antipasto_arduino\build\windows\jre.zip into e:\mediacoder_repo\antipasto_arduino\build\windows\work
    [mkdir] Created dir: e:\mediacoder_repo\antipasto_arduino\build\windows\work\classes
    [javac] Compiling 177 source files to e:\mediacoder_repo\antipasto_arduino\build\windows\work\classes
    [javac] e:\mediacoder_repo\antipasto_arduino\antipasto\GUI\ImageListView\ImageCellRenderer.java:27: warning: sun.awt.shell.ShellFolder is Sun proprietary API and may be removed in a future release
    [javac] import sun.awt.shell.ShellFolder;
    [javac]                     ^
    [javac] e:\mediacoder_repo\antipasto_arduino\antipasto\GUI\ImageListView\ImageCellRenderer.java:67: warning: sun.awt.shell.ShellFolder is Sun proprietary API and may be removed in a future release
    [javac] 				ShellFolder shellFolder = ShellFolder.getShellFolder(file);     
    [javac] 				^
    [javac] e:\mediacoder_repo\antipasto_arduino\antipasto\GUI\ImageListView\ImageCellRenderer.java:67: warning: sun.awt.shell.ShellFolder is Sun proprietary API and may be removed in a future release
    [javac] 				ShellFolder shellFolder = ShellFolder.getShellFolder(file);     
    [javac] 				                          ^
    [javac] Note: Some input files use or override a deprecated API.
    [javac] Note: Recompile with -Xlint:deprecation for details.
    [javac] Note: Some input files use unchecked or unsafe operations.
    [javac] Note: Recompile with -Xlint:unchecked for details.
    [javac] 3 warnings
    [mkdir] Created dir: e:\mediacoder_repo\antipasto_arduino\build\windows\work\jar
      [jar] Building jar: e:\mediacoder_repo\antipasto_arduino\build\windows\work\jar\Antipasto_Arduino.jar
     [exec] g++ -mwindows -mno-cygwin -O2 -Wall   -c -o launcher.o launcher.cpp
     [exec] windres -i launcher.rc -o launcher-rc.o
     [exec] g++ -mwindows -mno-cygwin -O2 -Wall    -mwindows -mno-cygwin -O2 -Wall -o arduino.exe launcher.o launcher-rc.o
     [exec] cp arduino.exe ../work/
